[10:53:38] [main/DEBUG] [FML/]: Injecting tracing printstreams for STDOUT/STDERR.
[10:53:38] [main/INFO] [FML/]: Forge Mod Loader version 13.20.0.2227 for Minecraft 1.11.2 loading
[10:53:38] [main/INFO] [FML/]: Java is Java HotSpot(TM) 64-Bit Server VM, version 1.8.0_121, running on Windows 10:amd64:10.0, installed at C:\Program Files\Java\jre1.8.0_121
[10:53:38] [main/DEBUG] [FML/]: Java classpath at launch is [Forge]1.11.2-13.20.0.2227_Core.jar
[10:53:38] [main/DEBUG] [FML/]: Java library path at launch is C:\ProgramData\Oracle\Java\javapath;C:\WINDOWS\Sun\Java\bin;C:\WINDOWS\system32;C:\WINDOWS;C:\ProgramData\Oracle\Java\javapath;C:\Windows\system32;C:\Windows;C:\Windows\System32\Wbem;C:\Windows\System32\WindowsPowerShell\v1.0\;C:\Program Files (x86)\Skype\Phone\;C:\Program Files (x86)\Windows Kits\8.1\Windows Performance Toolkit\;D:\Java\jdk1.8.0_91\bin;D:\Java\jre1.8.0_91\bin;C:\Program Files (x86)\GtkSharp\2.12\bin;D:\Android\sdk\platform-tools;C:\WINDOWS\system32;C:\WINDOWS;C:\WINDOWS\System32\Wbem;C:\WINDOWS\System32\WindowsPowerShell\v1.0\;C:\Users\Jaehyun\.dnx\bin;C:\Program Files\Microsoft DNX\Dnvm\;C:\Program Files\Microsoft SQL Server\130\Tools\Binn\;D:\nodejs\;D:\Git\cmd;C:\Program Files (x86)\NVIDIA Corporation\PhysX\Common;%SystemRoot%\system32;%SystemRoot%;%SystemRoot%\System32\Wbem;%SYSTEMROOT%\System32\WindowsPowerShell\v1.0\;D:\Python\Python35-32\Scripts\;D:\Python\Python35-32\;D:\Bandizip\7z;D:\CMake\bin;C:\Users\Jaehyun\AppData\Local\atom\bin;C:\Users\Jaehyun\AppData\Roaming\npm;C:\Users\Jaehyun\AppData\Local\Microsoft\WindowsApps;;D:\Microsoft VS Code\bin;.
[10:53:38] [main/DEBUG] [FML/]: Enabling runtime deobfuscation
[10:53:38] [main/DEBUG] [FML/]: Instantiating coremod class FMLCorePlugin
[10:53:38] [main/DEBUG] [FML/]: Added access transformer class net.minecraftforge.fml.common.asm.transformers.AccessTransformer to enqueued access transformers
[10:53:38] [main/DEBUG] [FML/]: Enqueued coremod FMLCorePlugin
[10:53:38] [main/DEBUG] [FML/]: Instantiating coremod class FMLForgePlugin
[10:53:38] [main/DEBUG] [FML/]: Enqueued coremod FMLForgePlugin
[10:53:38] [main/DEBUG] [FML/]: All fundamental core mods are successfully located
[10:53:38] [main/DEBUG] [FML/]: Attempting to load commandline specified mods, relative to C:\Users\Jaehyun\Desktop\프리루트_1.11.2_모드버킷_21761\.
[10:53:38] [main/INFO] [FML/]: Failed to find the specified repository root C:/Users/FreeRoute/Desktop/프리루트_1.11.2_모드버킷_2176/libraries
[10:53:38] [main/DEBUG] [FML/]: Discovering coremods
[10:53:38] [main/DEBUG] [FML/]: Examining for coremod candidacy spongeforge-1.11.2-2227-6.0.0-BETA-2176.jar
[10:53:38] [main/INFO] [FML/]: Loading tweaker org.spongepowered.asm.launch.MixinTweaker from spongeforge-1.11.2-2227-6.0.0-BETA-2176.jar
[10:53:38] [main/INFO] [LaunchWrapper/]: Loading tweak class name net.minecraftforge.fml.common.launcher.FMLInjectionAndSortingTweaker
[10:53:38] [main/INFO] [LaunchWrapper/]: Loading tweak class name org.spongepowered.asm.launch.MixinTweaker
[10:53:38] [main/INFO] [mixin/]: SpongePowered MIXIN Subsystem Version=0.6.6 Source=file:/C:/Users/Jaehyun/Desktop/프리루트_1.11.2_모드버킷_21761/mods/spongeforge-1.11.2-2227-6.0.0-BETA-2176.jar Env=SERVER
[10:53:38] [main/DEBUG] [mixin/]: Adding new mixin transformer proxy #1
[10:53:38] [main/DEBUG] [mixin/]: Initialising Mixin Platform Manager
[10:53:38] [main/DEBUG] [mixin/]: Mixin platform: primary container is file:/C:/Users/Jaehyun/Desktop/프리루트_1.11.2_모드버킷_21761/mods/spongeforge-1.11.2-2227-6.0.0-BETA-2176.jar
[10:53:38] [main/DEBUG] [mixin/]: Adding mixin platform agents for container file:/C:/Users/Jaehyun/Desktop/프리루트_1.11.2_모드버킷_21761/mods/spongeforge-1.11.2-2227-6.0.0-BETA-2176.jar
[10:53:38] [main/DEBUG] [mixin/]: Instancing new MixinPlatformAgentFML for file:/C:/Users/Jaehyun/Desktop/프리루트_1.11.2_모드버킷_21761/mods/spongeforge-1.11.2-2227-6.0.0-BETA-2176.jar
[10:53:38] [main/DEBUG] [mixin/]: spongeforge-1.11.2-2227-6.0.0-BETA-2176.jar has core plugin org.spongepowered.mod.SpongeCoremod. Injecting it into FML for co-initialisation:
[10:53:38] [main/DEBUG] [FML/]: Instantiating coremod class SpongeCoremod
[10:53:38] [main/DEBUG] [FML/]: The coremod org.spongepowered.mod.SpongeCoremod requested minecraft version 1.11.2 and minecraft is 1.11.2. It will be loaded.
[10:53:38] [main/INFO] [mixin/]: Compatibility level set to JAVA_8
[10:53:38] [main/WARN] [mixin/]: Mixin config mixins.common.core.optional.json requires mixin subsystem version 0.6.8 but 0.6.6 was found. The mixin config will not be applied.
[10:53:38] [main/INFO] [mixin/]: Adding new token provider org.spongepowered.mod.SpongeCoremod$TokenProvider to MixinEnvironment[DEFAULT]
[10:53:38] [main/INFO] [mixin/]: Adding new token provider org.spongepowered.mod.SpongeCoremod$TokenProvider to MixinEnvironment[PREINIT]
[10:53:38] [main/INFO] [mixin/]: Adding new token provider org.spongepowered.mod.SpongeCoremod$TokenProvider to MixinEnvironment[INIT]
[10:53:38] [main/DEBUG] [FML/]: Added access transformer class org.spongepowered.mod.asm.transformer.SpongeAccessTransformer to enqueued access transformers
[10:53:38] [main/DEBUG] [FML/]: Enqueued coremod SpongeCoremod
[10:53:38] [main/DEBUG] [mixin/]: Instancing new MixinPlatformAgentDefault for file:/C:/Users/Jaehyun/Desktop/프리루트_1.11.2_모드버킷_21761/mods/spongeforge-1.11.2-2227-6.0.0-BETA-2176.jar
[10:53:38] [main/DEBUG] [mixin/]: Scanning file:/C:/Users/Jaehyun/Desktop/%ed%94%84%eb%a6%ac%eb%a3%a8%ed%8a%b8_1.11.2_%eb%aa%a8%eb%93%9c%eb%b2%84%ed%82%b7_21761/%5bForge%5d1.11.2-13.20.0.2227_Core.jar for mixin tweaker
[10:53:38] [main/INFO] [LaunchWrapper/]: Loading tweak class name net.minecraftforge.fml.common.launcher.FMLDeobfTweaker
[10:53:38] [main/INFO] [LaunchWrapper/]: Calling tweak class net.minecraftforge.fml.common.launcher.FMLInjectionAndSortingTweaker
[10:53:38] [main/INFO] [LaunchWrapper/]: Calling tweak class net.minecraftforge.fml.common.launcher.FMLInjectionAndSortingTweaker
[10:53:38] [main/INFO] [LaunchWrapper/]: Calling tweak class net.minecraftforge.fml.relauncher.CoreModManager$FMLPluginWrapper
[10:53:38] [main/DEBUG] [FML/]: Injecting coremod FMLCorePlugin {net.minecraftforge.fml.relauncher.FMLCorePlugin} class transformers
[10:53:38] [main/TRACE] [FML/]: Registering transformer net.minecraftforge.fml.common.asm.transformers.BlamingTransformer
[10:53:38] [main/DEBUG] [mixin/]: Preparing mixins for MixinEnvironment[PREINIT]
[10:53:38] [main/DEBUG] [mixin/]: Selecting config mixins.forge.preinit.json
[10:53:38] [main/DEBUG] [mixin/]: Preparing mixins.forge.preinit.json (6)
[10:53:38] [main/DEBUG] [mixin/]: Rebuilding transformer delegation list:
[10:53:38] [main/DEBUG] [mixin/]:   Adding:    net.minecraftforge.fml.common.asm.transformers.PatchingTransformer
[10:53:38] [main/DEBUG] [mixin/]:   Excluding: org.spongepowered.asm.mixin.transformer.MixinTransformer$Proxy
[10:53:38] [main/DEBUG] [mixin/]: Transformer delegation list created with 1 entries
[10:53:38] [main/TRACE] [mixin/]: Added class metadata for net/minecraftforge/common/UsernameCache to metadata cache
[10:53:38] [main/TRACE] [mixin/]: Added class metadata for net/minecraftforge/fml/common/Loader to metadata cache
[10:53:38] [main/TRACE] [mixin/]: Added class metadata for net/minecraftforge/fml/common/ModContainer to metadata cache
[10:53:38] [main/TRACE] [mixin/]: Added class metadata for net/minecraftforge/fml/common/eventhandler/ASMEventHandler to metadata cache
[10:53:38] [main/TRACE] [mixin/]: Added class metadata for net/minecraftforge/fml/common/eventhandler/Event to metadata cache
[10:53:38] [main/TRACE] [mixin/]: Added class metadata for net/minecraftforge/fml/common/registry/GameRegistry to metadata cache
[10:53:38] [main/TRACE] [mixin/]: Added class metadata for org/spongepowered/api/plugin/PluginContainer to metadata cache
[10:53:38] [main/TRACE] [FML/]: Registering transformer net.minecraftforge.fml.common.asm.transformers.SideTransformer
[10:53:38] [main/TRACE] [FML/]: Registering transformer net.minecraftforge.fml.common.asm.transformers.EventSubscriptionTransformer
[10:53:38] [main/TRACE] [FML/]: Registering transformer net.minecraftforge.fml.common.asm.transformers.EventSubscriberTransformer
[10:53:38] [main/DEBUG] [mixin/]: Mixing fml.common.eventhandler.MixinEvent from mixins.forge.preinit.json into net.minecraftforge.fml.common.eventhandler.Event
[10:53:38] [main/TRACE] [mixin/]: Added class metadata for org/spongepowered/api/event/Cancellable to metadata cache
[10:53:38] [main/TRACE] [mixin/]: Added class metadata for org/spongepowered/mod/interfaces/IMixinEvent to metadata cache
[10:53:38] [main/TRACE] [mixin/]: Added class metadata for org/spongepowered/common/SpongeImpl to metadata cache
[10:53:38] [main/TRACE] [mixin/]: Added class metadata for org/spongepowered/api/event/cause/NamedCause to metadata cache
[10:53:38] [main/TRACE] [mixin/]: Added class metadata for org/spongepowered/api/event/cause/Cause to metadata cache
[10:53:38] [main/DEBUG] [FML/]: Injection complete
[10:53:38] [main/DEBUG] [FML/]: Running coremod plugin for FMLCorePlugin {net.minecraftforge.fml.relauncher.FMLCorePlugin}
[10:53:38] [main/DEBUG] [FML/]: Running coremod plugin FMLCorePlugin
