[00:02:20] [Server thread/WARN]: d2ny moved wrongly!
[00:05:24] [Server thread/WARN]: Æë±Ï moved wrongly!
[00:07:17] [Server thread/WARN]: d2ny moved wrongly!
[00:12:32] [Server thread/INFO]: <d2ny> -375
[00:12:37] [Server thread/INFO]: <d2ny> 73
[00:12:39] [Server thread/INFO]: <d2ny> 74
[00:19:54] [Server thread/INFO]: d2ny was burnt to a crisp whilst fighting Blaze
[00:23:40] [Server thread/INFO]: <d2ny> [name:"»ç¸Á 12:19:59 AM 3/4/17", x:-384, y:75, z:94, dim:-1]
[00:38:00] [Server thread/INFO]: JOG1 has just earned the achievement [Diamonds to you!]
[00:38:10] [Server thread/INFO]: d2ny has just earned the achievement [Diamonds to you!]
[00:41:21] [Server thread/WARN]: d2ny moved wrongly!
[00:56:16] [Server thread/INFO]: JOG1 lost connection: Disconnected
[00:56:16] [Server thread/INFO]: JOG1 left the game
[01:24:31] [Server thread/INFO]: d2ny lost connection: Disconnected
[01:24:31] [Server thread/INFO]: d2ny left the game
[02:33:01] [Server thread/INFO]: There are 0/20 players online:
[02:33:01] [Server thread/INFO]: 
[03:12:44] [Server thread/INFO]: Saving...
[03:12:44] [Server thread/INFO]: Saved the world
[03:12:45] [Server thread/INFO]: Stopping the server
[03:12:45] [Server thread/INFO]: Stopping server
[03:12:45] [Server thread/INFO]: Saving players
[03:12:45] [Server thread/INFO]: Saving worlds
[03:12:45] [Server thread/INFO]: Saving chunks for level 'world'/Overworld
[03:12:45] [Server thread/INFO]: Saving chunks for level 'DIM-1'/Nether
[03:12:46] [Server thread/INFO]: Saving chunks for level 'DIM1'/The End
[03:12:46] [Server Shutdown Thread/INFO]: Stopping server
[03:12:46] [Server Shutdown Thread/INFO]: Saving players
[03:12:46] [Server Shutdown Thread/INFO]: Saving worlds
